<?xml version="1.0" encoding="UTF-8"?>
<coverage generated="1660708709186" clover="3.2.0">
  <project timestamp="1660708709186" name="All files">
    <metrics statements="3" coveredstatements="3" conditionals="0" coveredconditionals="0" methods="0" coveredmethods="0" elements="3" coveredelements="3" complexity="0" loc="3" ncloc="3" packages="1" files="2" classes="2"/>
    <file name="Letter.js" path="/Users/pj/Documents/Ucb Boot camp/10-OOP/01-Activities/28-Stu_Mini-Project/Develop/lib/Letter.js">
      <metrics statements="1" coveredstatements="1" conditionals="0" coveredconditionals="0" methods="0" coveredmethods="0"/>
      <line num="5" count="2" type="stmt"/>
    </file>
    <file name="Word.js" path="/Users/pj/Documents/Ucb Boot camp/10-OOP/01-Activities/28-Stu_Mini-Project/Develop/lib/Word.js">
      <metrics statements="2" coveredstatements="2" conditionals="0" coveredconditionals="0" methods="0" coveredmethods="0"/>
      <line num="1" count="1" type="stmt"/>
      <line num="7" count="1" type="stmt"/>
    </file>
  </project>
</coverage>
