{"/Users/pj/Documents/Ucb Boot camp/10-OOP/01-Activities/28-Stu_Mini-Project/Develop/lib/Letter.js": {"path":"/Users/pj/Documents/Ucb Boot camp/10-OOP/01-Activities/28-Stu_Mini-Project/Develop/lib/Letter.js","statementMap":{"0":{"start":{"line":5,"column":0},"end":{"line":5,"column":24}}},"fnMap":{},"branchMap":{},"s":{"0":2},"f":{},"b":{},"_coverageSchema":"43e27e138ebf9cfc5966b082cf9a028302ed4184","hash":"308161f6043ff7cb521474c0e80e8899488ac841"}
,"/Users/pj/Documents/Ucb Boot camp/10-OOP/01-Activities/28-Stu_Mini-Project/Develop/lib/Word.js": {"path":"/Users/pj/Documents/Ucb Boot camp/10-OOP/01-Activities/28-Stu_Mini-Project/Develop/lib/Word.js","statementMap":{"0":{"start":{"line":1,"column":15},"end":{"line":1,"column":34}},"1":{"start":{"line":7,"column":0},"end":{"line":7,"column":22}}},"fnMap":{},"branchMap":{},"s":{"0":1,"1":1},"f":{},"b":{},"_coverageSchema":"43e27e138ebf9cfc5966b082cf9a028302ed4184","hash":"697d3dd8cef2cd23b98c270e3bbcb42b88e3af05"}
}
